<?xml version="1.0" encoding="UTF-8"?>
<!-- Generated by org.testng.reporters.JUnitReportReporter -->
<testsuite skipped="0" hostname="aarthi" name="TestNGFrameworkSample.BaseClass" tests="1" failures="0" timestamp="2019-12-09T21:58:52 IST" time="79.560" errors="0">
  <testcase name="sampleTest" time="79.560" classname="TestNGFrameworkSample.BaseClass"/>
</testsuite> <!-- TestNGFrameworkSample.BaseClass -->
